<?xml version="1.0" encoding="UTF-8"?>
<coverage generated="1666205407197" clover="3.2.0">
  <project timestamp="1666205407198" name="All files">
    <metrics statements="19" coveredstatements="6" conditionals="2" coveredconditionals="0" methods="11" coveredmethods="2" elements="32" coveredelements="8" complexity="0" loc="19" ncloc="19" packages="1" files="4" classes="4"/>
    <file name="array.js" path="/Users/sandang/Code/workshop-unit-tests/src/array.js">
      <metrics statements="8" coveredstatements="0" conditionals="2" coveredconditionals="0" methods="4" coveredmethods="0"/>
      <line num="2" count="0" type="stmt"/>
      <line num="6" count="0" type="stmt"/>
      <line num="10" count="0" type="stmt"/>
      <line num="11" count="0" type="stmt"/>
      <line num="12" count="0" type="cond" truecount="0" falsecount="2"/>
      <line num="13" count="0" type="stmt"/>
      <line num="15" count="0" type="stmt"/>
      <line num="18" count="0" type="stmt"/>
    </file>
    <file name="math.js" path="/Users/sandang/Code/workshop-unit-tests/src/math.js">
      <metrics statements="2" coveredstatements="0" conditionals="0" coveredconditionals="0" methods="2" coveredmethods="0"/>
      <line num="2" count="0" type="stmt"/>
      <line num="6" count="0" type="stmt"/>
    </file>
    <file name="person.js" path="/Users/sandang/Code/workshop-unit-tests/src/person.js">
      <metrics statements="6" coveredstatements="3" conditionals="0" coveredconditionals="0" methods="4" coveredmethods="1"/>
      <line num="3" count="4" type="stmt"/>
      <line num="4" count="4" type="stmt"/>
      <line num="5" count="4" type="stmt"/>
      <line num="9" count="0" type="stmt"/>
      <line num="13" count="0" type="stmt"/>
      <line num="17" count="0" type="stmt"/>
    </file>
    <file name="student.js" path="/Users/sandang/Code/workshop-unit-tests/src/student.js">
      <metrics statements="3" coveredstatements="3" conditionals="0" coveredconditionals="0" methods="1" coveredmethods="1"/>
      <line num="3" count="2" type="stmt"/>
      <line num="4" count="2" type="stmt"/>
      <line num="5" count="2" type="stmt"/>
    </file>
  </project>
</coverage>
