TN:
SF:src/array.js
FN:1,sortArray
FN:5,multiplyArrayWithValue
FN:6,(anonymous_2)
FN:9,combineArray
FNF:4
FNH:0
FNDA:0,sortArray
FNDA:0,multiplyArrayWithValue
FNDA:0,(anonymous_2)
FNDA:0,combineArray
DA:2,0
DA:6,0
DA:10,0
DA:11,0
DA:12,0
DA:13,0
DA:15,0
DA:18,0
LF:8
LH:0
BRDA:12,0,0,0
BRDA:12,0,1,0
BRF:2
BRH:0
end_of_record
TN:
SF:src/math.js
FN:1,addTwoNumbers
FN:5,multiplyTwoNumbers
FNF:2
FNH:0
FNDA:0,addTwoNumbers
FNDA:0,multiplyTwoNumbers
DA:2,0
DA:6,0
LF:2
LH:0
BRF:0
BRH:0
end_of_record
TN:
SF:src/person.js
FN:2,(anonymous_0)
FN:8,(anonymous_1)
FN:12,(anonymous_2)
FN:16,(anonymous_3)
FNF:4
FNH:1
FNDA:4,(anonymous_0)
FNDA:0,(anonymous_1)
FNDA:0,(anonymous_2)
FNDA:0,(anonymous_3)
DA:3,4
DA:4,4
DA:5,4
DA:9,0
DA:13,0
DA:17,0
LF:6
LH:3
BRF:0
BRH:0
end_of_record
TN:
SF:src/student.js
FN:2,(anonymous_0)
FNF:1
FNH:1
FNDA:2,(anonymous_0)
DA:3,2
DA:4,2
DA:5,2
LF:3
LH:3
BRF:0
BRH:0
end_of_record
